<?xml version="1.0" encoding="UTF-8"?>
<!-- Generated by org.testng.reporters.JUnitReportReporter -->
<testsuite skipped="0" hostname="RIYAZ-PC" name="scripts.LoginTest" tests="1" failures="0" timestamp="19 Aug 2018 17:24:45 GMT" time="15.619" errors="0">
  <testcase name="launchbrowser" time="15.619" classname="scripts.LoginTest"/>
</testsuite> <!-- scripts.LoginTest -->
